--------------------------------------------------------------------------------
Release 12.4 Trace  (lin64)
Copyright (c) 1995-2010 Xilinx, Inc.  All rights reserved.

/opt/Xilinx/12.4/ISE_DS/ISE/bin/lin64/unwrapped/trce -intstyle ise -v 3 -s 3 -n
3 -fastpaths -xml calc.twx calc.ncd -o calc.twr calc.pcf -ucf
sevenseg_constraint.ucf

Design file:              calc.ncd
Physical constraint file: calc.pcf
Device,package,speed:     xc6slx16,csg324,C,-3 (PRODUCTION 1.15 2010-12-02)
Report level:             verbose report

Environment Variable      Effect 
--------------------      ------ 
NONE                      No environment variables were set
--------------------------------------------------------------------------------

INFO:Timing:2698 - No timing constraints found, doing default enumeration.
INFO:Timing:2752 - To get complete path coverage, use the unconstrained paths 
   option. All paths that are not constrained will be reported in the 
   unconstrained paths section(s) of the report.
INFO:Timing:3339 - The clock-to-out numbers in this timing report are based on 
   a 50 Ohm transmission line loading model.  For the details of this model, 
   and for more information on accounting for different loading conditions, 
   please see the device datasheet.



Data Sheet report:
-----------------
All values displayed in nanoseconds (ns)

Pad to Pad
---------------+---------------+---------+
Source Pad     |Destination Pad|  Delay  |
---------------+---------------+---------+
btn<0>         |led<0>         |   16.613|
btn<0>         |led<1>         |   17.326|
btn<0>         |led<2>         |   16.728|
btn<0>         |led<3>         |   18.048|
btn<0>         |led<4>         |   15.586|
btn<0>         |sevenseg<0>    |   18.307|
btn<0>         |sevenseg<1>    |   18.158|
btn<0>         |sevenseg<2>    |   18.886|
btn<0>         |sevenseg<3>    |   18.369|
btn<0>         |sevenseg<4>    |   17.721|
btn<0>         |sevenseg<5>    |   18.660|
btn<0>         |sevenseg<6>    |   18.504|
btn<1>         |led<0>         |   15.858|
btn<1>         |led<1>         |   16.571|
btn<1>         |led<2>         |   15.973|
btn<1>         |led<3>         |   17.293|
btn<1>         |led<4>         |   14.831|
btn<1>         |sevenseg<0>    |   17.552|
btn<1>         |sevenseg<1>    |   17.403|
btn<1>         |sevenseg<2>    |   18.131|
btn<1>         |sevenseg<3>    |   17.614|
btn<1>         |sevenseg<4>    |   16.966|
btn<1>         |sevenseg<5>    |   17.905|
btn<1>         |sevenseg<6>    |   17.749|
btn<2>         |led<0>         |   15.748|
btn<2>         |led<1>         |   16.461|
btn<2>         |led<2>         |   15.863|
btn<2>         |led<3>         |   17.183|
btn<2>         |led<4>         |   14.721|
btn<2>         |sevenseg<0>    |   17.442|
btn<2>         |sevenseg<1>    |   17.293|
btn<2>         |sevenseg<2>    |   18.021|
btn<2>         |sevenseg<3>    |   17.504|
btn<2>         |sevenseg<4>    |   16.856|
btn<2>         |sevenseg<5>    |   17.795|
btn<2>         |sevenseg<6>    |   17.639|
btn<3>         |led<0>         |   15.774|
btn<3>         |led<1>         |   16.487|
btn<3>         |led<2>         |   15.889|
btn<3>         |led<3>         |   17.209|
btn<3>         |led<4>         |   14.747|
btn<3>         |sevenseg<0>    |   17.468|
btn<3>         |sevenseg<1>    |   17.319|
btn<3>         |sevenseg<2>    |   18.047|
btn<3>         |sevenseg<3>    |   17.530|
btn<3>         |sevenseg<4>    |   16.882|
btn<3>         |sevenseg<5>    |   17.821|
btn<3>         |sevenseg<6>    |   17.665|
btn<4>         |led<0>         |   16.667|
btn<4>         |led<1>         |   17.380|
btn<4>         |led<2>         |   16.782|
btn<4>         |led<3>         |   18.102|
btn<4>         |led<4>         |   15.640|
btn<4>         |sevenseg<0>    |   18.361|
btn<4>         |sevenseg<1>    |   18.212|
btn<4>         |sevenseg<2>    |   18.940|
btn<4>         |sevenseg<3>    |   18.423|
btn<4>         |sevenseg<4>    |   17.775|
btn<4>         |sevenseg<5>    |   18.714|
btn<4>         |sevenseg<6>    |   18.558|
switches<0>    |led<0>         |   12.320|
switches<0>    |led<1>         |   13.081|
switches<0>    |led<2>         |   12.517|
switches<0>    |led<3>         |   11.125|
switches<0>    |led<4>         |    9.843|
switches<0>    |sevenseg<0>    |   12.759|
switches<0>    |sevenseg<1>    |   12.606|
switches<0>    |sevenseg<2>    |   12.699|
switches<0>    |sevenseg<3>    |   12.910|
switches<0>    |sevenseg<4>    |   12.588|
switches<0>    |sevenseg<5>    |   13.138|
switches<0>    |sevenseg<6>    |   13.384|
switches<1>    |led<0>         |   12.267|
switches<1>    |led<1>         |   12.381|
switches<1>    |led<2>         |   11.817|
switches<1>    |led<3>         |   12.120|
switches<1>    |led<4>         |   10.229|
switches<1>    |sevenseg<0>    |   12.379|
switches<1>    |sevenseg<1>    |   12.230|
switches<1>    |sevenseg<2>    |   12.958|
switches<1>    |sevenseg<3>    |   12.441|
switches<1>    |sevenseg<4>    |   11.921|
switches<1>    |sevenseg<5>    |   12.732|
switches<1>    |sevenseg<6>    |   12.684|
switches<2>    |led<0>         |   12.133|
switches<2>    |led<1>         |   12.548|
switches<2>    |led<2>         |   12.156|
switches<2>    |led<3>         |   12.489|
switches<2>    |led<4>         |   10.800|
switches<2>    |sevenseg<0>    |   12.748|
switches<2>    |sevenseg<1>    |   12.599|
switches<2>    |sevenseg<2>    |   13.327|
switches<2>    |sevenseg<3>    |   12.810|
switches<2>    |sevenseg<4>    |   12.162|
switches<2>    |sevenseg<5>    |   13.101|
switches<2>    |sevenseg<6>    |   12.945|
switches<3>    |led<0>         |   12.767|
switches<3>    |led<1>         |   12.636|
switches<3>    |led<2>         |   12.964|
switches<3>    |led<3>         |   13.297|
switches<3>    |led<4>         |   11.608|
switches<3>    |sevenseg<0>    |   13.556|
switches<3>    |sevenseg<1>    |   13.407|
switches<3>    |sevenseg<2>    |   14.135|
switches<3>    |sevenseg<3>    |   13.618|
switches<3>    |sevenseg<4>    |   12.970|
switches<3>    |sevenseg<5>    |   13.909|
switches<3>    |sevenseg<6>    |   13.753|
switches<4>    |led<0>         |   11.906|
switches<4>    |led<1>         |   12.418|
switches<4>    |led<2>         |   12.623|
switches<4>    |led<3>         |   12.956|
switches<4>    |led<4>         |   11.267|
switches<4>    |sevenseg<0>    |   13.215|
switches<4>    |sevenseg<1>    |   13.066|
switches<4>    |sevenseg<2>    |   13.794|
switches<4>    |sevenseg<3>    |   13.277|
switches<4>    |sevenseg<4>    |   12.629|
switches<4>    |sevenseg<5>    |   13.568|
switches<4>    |sevenseg<6>    |   13.412|
switches<5>    |led<0>         |   12.322|
switches<5>    |led<1>         |   12.722|
switches<5>    |led<2>         |   12.824|
switches<5>    |led<3>         |   13.157|
switches<5>    |led<4>         |   11.468|
switches<5>    |sevenseg<0>    |   13.416|
switches<5>    |sevenseg<1>    |   13.267|
switches<5>    |sevenseg<2>    |   13.995|
switches<5>    |sevenseg<3>    |   13.478|
switches<5>    |sevenseg<4>    |   12.830|
switches<5>    |sevenseg<5>    |   13.769|
switches<5>    |sevenseg<6>    |   13.613|
switches<6>    |led<0>         |   11.988|
switches<6>    |led<1>         |   12.388|
switches<6>    |led<2>         |   12.490|
switches<6>    |led<3>         |   12.823|
switches<6>    |led<4>         |   11.134|
switches<6>    |sevenseg<0>    |   13.082|
switches<6>    |sevenseg<1>    |   12.933|
switches<6>    |sevenseg<2>    |   13.661|
switches<6>    |sevenseg<3>    |   13.144|
switches<6>    |sevenseg<4>    |   12.496|
switches<6>    |sevenseg<5>    |   13.435|
switches<6>    |sevenseg<6>    |   13.279|
switches<7>    |led<0>         |   12.677|
switches<7>    |led<1>         |   13.077|
switches<7>    |led<2>         |   13.179|
switches<7>    |led<3>         |   13.512|
switches<7>    |led<4>         |   11.823|
switches<7>    |sevenseg<0>    |   13.771|
switches<7>    |sevenseg<1>    |   13.622|
switches<7>    |sevenseg<2>    |   14.350|
switches<7>    |sevenseg<3>    |   13.833|
switches<7>    |sevenseg<4>    |   13.185|
switches<7>    |sevenseg<5>    |   14.124|
switches<7>    |sevenseg<6>    |   13.968|
---------------+---------------+---------+


Analysis completed Fri Sep 29 13:32:35 2017 
--------------------------------------------------------------------------------

Trace Settings:
-------------------------
Trace Settings 

Peak Memory Usage: 287 MB



