Release 12.4 - xst M.81d (lin64)
Copyright (c) 1995-2010 Xilinx, Inc.  All rights reserved.
--> 
Parameter TMPDIR set to xst/projnav.tmp


Total REAL time to Xst completion: 0.00 secs
Total CPU time to Xst completion: 0.02 secs
 
--> 
Parameter xsthdpdir set to xst


Total REAL time to Xst completion: 0.00 secs
Total CPU time to Xst completion: 0.02 secs
 
--> 
Reading design: calc.prj

TABLE OF CONTENTS
  1) Synthesis Options Summary
  2) HDL Parsing
  3) HDL Elaboration
  4) HDL Synthesis
       4.1) HDL Synthesis Report
  5) Advanced HDL Synthesis
       5.1) Advanced HDL Synthesis Report
  6) Low Level Synthesis
  7) Partition Report
  8) Design Summary
       8.1) Primitive and Black Box Usage
       8.2) Device utilization summary
       8.3) Partition Resource Summary
       8.4) Timing Report
            8.4.1) Clock Information
            8.4.2) Asynchronous Control Signals Information
            8.4.3) Timing Summary
            8.4.4) Timing Details
            8.4.5) Cross Clock Domains Report


=========================================================================
*                      Synthesis Options Summary                        *
=========================================================================
---- Source Parameters
Input File Name                    : "calc.prj"
Input Format                       : mixed
Ignore Synthesis Constraint File   : NO

---- Target Parameters
Output File Name                   : "calc"
Output Format                      : NGC
Target Device                      : xc6slx16-3-csg324

---- Source Options
Top Module Name                    : calc
Automatic FSM Extraction           : YES
FSM Encoding Algorithm             : Auto
Safe Implementation                : No
FSM Style                          : LUT
RAM Extraction                     : Yes
RAM Style                          : Auto
ROM Extraction                     : Yes
Shift Register Extraction          : YES
ROM Style                          : Auto
Resource Sharing                   : YES
Asynchronous To Synchronous        : NO
Shift Register Minimum Size        : 2
Use DSP Block                      : Auto
Automatic Register Balancing       : No

---- Target Options
LUT Combining                      : Auto
Reduce Control Sets                : Auto
Add IO Buffers                     : YES
Global Maximum Fanout              : 100000
Add Generic Clock Buffer(BUFG)     : 16
Register Duplication               : YES
Optimize Instantiated Primitives   : NO
Use Clock Enable                   : Auto
Use Synchronous Set                : Auto
Use Synchronous Reset              : Auto
Pack IO Registers into IOBs        : Auto
Equivalent register Removal        : YES

---- General Options
Optimization Goal                  : Speed
Optimization Effort                : 1
Power Reduction                    : NO
Keep Hierarchy                     : No
Netlist Hierarchy                  : As_Optimized
RTL Output                         : Yes
Global Optimization                : AllClockNets
Read Cores                         : YES
Write Timing Constraints           : NO
Cross Clock Analysis               : NO
Hierarchy Separator                : /
Bus Delimiter                      : <>
Case Specifier                     : Maintain
Slice Utilization Ratio            : 100
BRAM Utilization Ratio             : 100
DSP48 Utilization Ratio            : 100
Auto BRAM Packing                  : NO
Slice Utilization Ratio Delta      : 5

=========================================================================


=========================================================================
*                          HDL Parsing                                  *
=========================================================================
Parsing VHDL file "/home/m1/seys/Cours/AEO/tp3/xor_e.vhd" into library work
Parsing entity <xor_e>.
Parsing architecture <archi_xor> of entity <xor_e>.
Parsing VHDL file "/home/m1/seys/Cours/AEO/tp3/x7seg.vhd" into library work
Parsing entity <x7seg>.
Parsing architecture <Behavioral> of entity <x7seg>.
Parsing VHDL file "/home/m1/seys/Cours/AEO/tp3/parity.vhd" into library work
Parsing entity <parity>.
Parsing architecture <Behavioral> of entity <parity>.
WARNING:HDLCompiler:1369 - "/home/m1/seys/Cours/AEO/tp3/parity.vhd" Line 40: Possible infinite loop; process does not have a wait statement
Parsing VHDL file "/home/m1/seys/Cours/AEO/tp3/or_e.vhd" into library work
Parsing entity <or_e>.
Parsing architecture <archi_or> of entity <or_e>.
Parsing VHDL file "/home/m1/seys/Cours/AEO/tp3/multiplexer.vhd" into library work
Parsing entity <multiplexer>.
Parsing architecture <Behavioral> of entity <multiplexer>.
Parsing VHDL file "/home/m1/seys/Cours/AEO/tp3/count1.vhd" into library work
Parsing entity <count1>.
Parsing architecture <Behavioral> of entity <count1>.
WARNING:HDLCompiler:1369 - "/home/m1/seys/Cours/AEO/tp3/count1.vhd" Line 43: Possible infinite loop; process does not have a wait statement
Parsing VHDL file "/home/m1/seys/Cours/AEO/tp3/comp.vhd" into library work
Parsing entity <comp>.
Parsing architecture <Behavioral> of entity <comp>.
Parsing VHDL file "/home/m1/seys/Cours/AEO/tp3/and.vhd" into library work
Parsing entity <and_e>.
Parsing architecture <archi_and> of entity <and_e>.
Parsing VHDL file "/home/m1/seys/Cours/AEO/tp3/add4.vhd" into library work
Parsing entity <add>.
Parsing architecture <Behavioral> of entity <add>.
Parsing VHDL file "/home/m1/seys/Cours/AEO/tp3/calc.vhd" into library work
Parsing entity <calc>.
Parsing architecture <Behavioral> of entity <calc>.

=========================================================================
*                            HDL Elaboration                            *
=========================================================================

Elaborating entity <calc> (architecture <Behavioral>) from library <work>.

Elaborating entity <add> (architecture <Behavioral>) from library <work>.

Elaborating entity <or_e> (architecture <archi_or>) from library <work>.

Elaborating entity <xor_e> (architecture <archi_xor>) from library <work>.

Elaborating entity <and_e> (architecture <archi_and>) from library <work>.

Elaborating entity <x7seg> (architecture <Behavioral>) from library <work>.
INFO:HDLCompiler:679 - "/home/m1/seys/Cours/AEO/tp3/x7seg.vhd" Line 101. Case statement is complete. others clause is never selected
INFO:HDLCompiler:679 - "/home/m1/seys/Cours/AEO/tp3/x7seg.vhd" Line 121. Case statement is complete. others clause is never selected
INFO:HDLCompiler:679 - "/home/m1/seys/Cours/AEO/tp3/x7seg.vhd" Line 141. Case statement is complete. others clause is never selected
INFO:HDLCompiler:679 - "/home/m1/seys/Cours/AEO/tp3/x7seg.vhd" Line 161. Case statement is complete. others clause is never selected
INFO:HDLCompiler:679 - "/home/m1/seys/Cours/AEO/tp3/x7seg.vhd" Line 181. Case statement is complete. others clause is never selected

Elaborating entity <multiplexer> (architecture <Behavioral>) from library <work>.

Elaborating entity <count1> (architecture <Behavioral>) from library <work>.

Elaborating entity <comp> (architecture <Behavioral>) from library <work>.

Elaborating entity <parity> (architecture <Behavioral>) from library <work>.

=========================================================================
*                           HDL Synthesis                               *
=========================================================================

Synthesizing Unit <calc>.
    Related source file is "/home/m1/seys/Cours/AEO/tp3/calc.vhd".
    Summary:
	no macro.
Unit <calc> synthesized.

Synthesizing Unit <add>.
    Related source file is "/home/m1/seys/Cours/AEO/tp3/add4.vhd".
    Found 5-bit adder for signal <sum> created at line 42.
    Summary:
	inferred   1 Adder/Subtractor(s).
Unit <add> synthesized.

Synthesizing Unit <or_e>.
    Related source file is "/home/m1/seys/Cours/AEO/tp3/or_e.vhd".
    Summary:
	no macro.
Unit <or_e> synthesized.

Synthesizing Unit <xor_e>.
    Related source file is "/home/m1/seys/Cours/AEO/tp3/xor_e.vhd".
    Summary:
Unit <xor_e> synthesized.

Synthesizing Unit <and_e>.
    Related source file is "/home/m1/seys/Cours/AEO/tp3/and.vhd".
    Summary:
	no macro.
Unit <and_e> synthesized.

Synthesizing Unit <x7seg>.
    Related source file is "/home/m1/seys/Cours/AEO/tp3/x7seg.vhd".
    Summary:
	inferred   3 Multiplexer(s).
Unit <x7seg> synthesized.

Synthesizing Unit <multiplexer>.
    Related source file is "/home/m1/seys/Cours/AEO/tp3/multiplexer.vhd".
    Summary:
	inferred   6 Multiplexer(s).
Unit <multiplexer> synthesized.

Synthesizing Unit <count1>.
    Related source file is "/home/m1/seys/Cours/AEO/tp3/count1.vhd".
    Found 2-bit adder for signal <n0032> created at line 51.
    Found 3-bit adder for signal <n0034> created at line 51.
    Found 4-bit adder for signal <n0036> created at line 51.
    Found 5-bit adder for signal <n0038> created at line 51.
    Found 6-bit adder for signal <n0040> created at line 51.
    Found 7-bit adder for signal <n0042> created at line 51.
    Found 8-bit adder for signal <n0044> created at line 51.
    Summary:
	inferred   7 Adder/Subtractor(s).
	inferred   7 Multiplexer(s).
Unit <count1> synthesized.

Synthesizing Unit <comp>.
    Related source file is "/home/m1/seys/Cours/AEO/tp3/comp.vhd".
    Found 4-bit comparator equal for signal <b[3]_a[3]_equal_1_o> created at line 41
    Summary:
	inferred   1 Comparator(s).
Unit <comp> synthesized.

Synthesizing Unit <parity>.
    Related source file is "/home/m1/seys/Cours/AEO/tp3/parity.vhd".
    Summary:
Unit <parity> synthesized.
RTL-Simplification CPUSTAT: 0.01 
RTL-BasicInf CPUSTAT: 0.11 
RTL-BasicOpt CPUSTAT: 0.00 
RTL-Remain-Bus CPUSTAT: 0.00 

=========================================================================
HDL Synthesis Report

Macro Statistics
# Adders/Subtractors                                   : 8
 2-bit adder                                           : 1
 3-bit adder                                           : 1
 4-bit adder                                           : 1
 5-bit adder                                           : 2
 6-bit adder                                           : 1
 7-bit adder                                           : 1
 8-bit adder                                           : 1
# Comparators                                          : 1
 4-bit comparator equal                                : 1
# Multiplexers                                         : 16
 2-bit 2-to-1 multiplexer                              : 1
 3-bit 2-to-1 multiplexer                              : 1
 4-bit 2-to-1 multiplexer                              : 1
 5-bit 2-to-1 multiplexer                              : 7
 6-bit 2-to-1 multiplexer                              : 1
 7-bit 2-to-1 multiplexer                              : 4
 8-bit 2-to-1 multiplexer                              : 1
# Xors                                                 : 2
 1-bit xor8                                            : 1
 4-bit xor2                                            : 1

=========================================================================

=========================================================================
*                       Advanced HDL Synthesis                          *
=========================================================================


=========================================================================
Advanced HDL Synthesis Report

Macro Statistics
# Adders/Subtractors                                   : 8
 2-bit adder                                           : 1
 3-bit adder                                           : 1
 4-bit adder                                           : 1
 5-bit adder                                           : 2
 6-bit adder                                           : 1
 7-bit adder                                           : 1
 8-bit adder                                           : 1
# Comparators                                          : 1
 4-bit comparator equal                                : 1
# Multiplexers                                         : 16
 2-bit 2-to-1 multiplexer                              : 1
 3-bit 2-to-1 multiplexer                              : 1
 4-bit 2-to-1 multiplexer                              : 1
 5-bit 2-to-1 multiplexer                              : 7
 6-bit 2-to-1 multiplexer                              : 1
 7-bit 2-to-1 multiplexer                              : 4
 8-bit 2-to-1 multiplexer                              : 1
# Xors                                                 : 2
 1-bit xor8                                            : 1
 4-bit xor2                                            : 1

=========================================================================

=========================================================================
*                         Low Level Synthesis                           *
=========================================================================

Optimizing unit <calc> ...

Mapping all equations...
Building and optimizing final netlist ...
Found area constraint ratio of 100 (+ 5) on block calc, actual ratio is 1.

Final Macro Processing ...

=========================================================================
Final Register Report

Found no macro
=========================================================================

=========================================================================
*                           Partition Report                            *
=========================================================================

Partition Implementation Status
-------------------------------

  No Partitions were found in this design.

-------------------------------

=========================================================================
*                            Design Summary                             *
=========================================================================

Top Level Output File Name         : calc.ngc

Primitive and Black Box Usage:
------------------------------
# BELS                             : 64
#      GND                         : 1
#      LUT2                        : 4
#      LUT3                        : 3
#      LUT4                        : 6
#      LUT5                        : 20
#      LUT6                        : 25
#      MUXF7                       : 4
#      VCC                         : 1
# IO Buffers                       : 29
#      IBUF                        : 13
#      OBUF                        : 16

Device utilization summary:
---------------------------

Selected Device : 6slx16csg324-3 


Slice Logic Utilization: 
 Number of Slice LUTs:                   58  out of   9112     0%  
    Number used as Logic:                58  out of   9112     0%  

Slice Logic Distribution: 
 Number of LUT Flip Flop pairs used:     58
   Number with an unused Flip Flop:      58  out of     58   100%  
   Number with an unused LUT:             0  out of     58     0%  
   Number of fully used LUT-FF pairs:     0  out of     58     0%  
   Number of unique control sets:         0

IO Utilization: 
 Number of IOs:                          32
 Number of bonded IOBs:                  29  out of    232    12%  

Specific Feature Utilization:

---------------------------
Partition Resource Summary:
---------------------------

  No Partitions were found in this design.

---------------------------


=========================================================================
Timing Report

NOTE: THESE TIMING NUMBERS ARE ONLY A SYNTHESIS ESTIMATE.
      FOR ACCURATE TIMING INFORMATION PLEASE REFER TO THE TRACE REPORT
      GENERATED AFTER PLACE-and-ROUTE.

Clock Information:
------------------
No clock signals found in this design

Asynchronous Control Signals Information:
----------------------------------------
No asynchronous control signals found in this design

Timing Summary:
---------------
Speed Grade: -3

   Minimum period: No path found
   Minimum input arrival time before clock: No path found
   Maximum output required time after clock: No path found
   Maximum combinational path delay: 12.129ns

Timing Details:
---------------
All values displayed in nanoseconds (ns)

=========================================================================
Timing constraint: Default path analysis
  Total number of paths / destination ports: 4296 / 12
-------------------------------------------------------------------------
Delay:               12.129ns (Levels of Logic = 9)
  Source:            switches<3> (PAD)
  Destination:       sevenseg<6> (PAD)

  Data Path: switches<3> to sevenseg<6>
                                Gate     Net
    Cell:in->out      fanout   Delay   Delay  Logical Name (Net Name)
    ----------------------------------------  ------------
     IBUF:I->O            13   1.222   1.277  switches_3_IBUF (switches_3_IBUF)
     LUT5:I0->O            4   0.203   1.028  Inst_count1/Mmux_GND_12_o_BUS_0004_mux_7_OUT31 (Inst_count1/Madd_n0040_lut<2>)
     LUT5:I0->O            2   0.203   0.961  Inst_count1/Madd_n0040_cy<2>11 (Inst_count1/Madd_n0040_cy<2>)
     LUT6:I1->O            2   0.203   0.961  Inst_count1/Mmux_GND_12_o_BUS_0006_mux_11_OUT41 (Inst_count1/Madd_n0044_lut<3>)
     LUT6:I1->O            1   0.203   0.924  Inst_multiplexer/Mmux_s84_SW0 (N161)
     LUT6:I1->O           11   0.203   1.247  Inst_multiplexer/Mmux_s84 (led_3_OBUF)
     LUT6:I0->O            1   0.203   0.000  Inst_x7seg/Mmux_sevenseg7_G (N25)
     MUXF7:I1->O           1   0.140   0.579  Inst_x7seg/Mmux_sevenseg7 (sevenseg_6_OBUF)
     OBUF:I->O                 2.571          sevenseg_6_OBUF (sevenseg<6>)
    ----------------------------------------
    Total                     12.129ns (5.151ns logic, 6.978ns route)
                                       (42.5% logic, 57.5% route)

=========================================================================

Cross Clock Domains Report:
--------------------------

=========================================================================


Total REAL time to Xst completion: 3.00 secs
Total CPU time to Xst completion: 2.97 secs
 
--> 


Total memory usage is 364520 kilobytes

Number of errors   :    0 (   0 filtered)
Number of warnings :    2 (   0 filtered)
Number of infos    :    0 (   0 filtered)

