Release 12.4 - xst M.81d (lin64)
Copyright (c) 1995-2010 Xilinx, Inc.  All rights reserved.
--> 
Parameter TMPDIR set to xst/projnav.tmp


Total REAL time to Xst completion: 0.00 secs
Total CPU time to Xst completion: 0.04 secs
 
--> 
Parameter xsthdpdir set to xst


Total REAL time to Xst completion: 0.00 secs
Total CPU time to Xst completion: 0.04 secs
 
--> 
Reading design: clk_div.prj

TABLE OF CONTENTS
  1) Synthesis Options Summary
  2) HDL Parsing
  3) HDL Elaboration
  4) HDL Synthesis
       4.1) HDL Synthesis Report
  5) Advanced HDL Synthesis
       5.1) Advanced HDL Synthesis Report
  6) Low Level Synthesis
  7) Partition Report
  8) Design Summary
       8.1) Primitive and Black Box Usage
       8.2) Device utilization summary
       8.3) Partition Resource Summary
       8.4) Timing Report
            8.4.1) Clock Information
            8.4.2) Asynchronous Control Signals Information
            8.4.3) Timing Summary
            8.4.4) Timing Details
            8.4.5) Cross Clock Domains Report


=========================================================================
*                      Synthesis Options Summary                        *
=========================================================================
---- Source Parameters
Input File Name                    : "clk_div.prj"
Input Format                       : mixed
Ignore Synthesis Constraint File   : NO

---- Target Parameters
Output File Name                   : "clk_div"
Output Format                      : NGC
Target Device                      : xc6slx16-3-csg324

---- Source Options
Top Module Name                    : clk_div
Automatic FSM Extraction           : YES
FSM Encoding Algorithm             : Auto
Safe Implementation                : No
FSM Style                          : LUT
RAM Extraction                     : Yes
RAM Style                          : Auto
ROM Extraction                     : Yes
Shift Register Extraction          : YES
ROM Style                          : Auto
Resource Sharing                   : YES
Asynchronous To Synchronous        : NO
Shift Register Minimum Size        : 2
Use DSP Block                      : Auto
Automatic Register Balancing       : No

---- Target Options
LUT Combining                      : Auto
Reduce Control Sets                : Auto
Add IO Buffers                     : YES
Global Maximum Fanout              : 100000
Add Generic Clock Buffer(BUFG)     : 16
Register Duplication               : YES
Optimize Instantiated Primitives   : NO
Use Clock Enable                   : Auto
Use Synchronous Set                : Auto
Use Synchronous Reset              : Auto
Pack IO Registers into IOBs        : Auto
Equivalent register Removal        : YES

---- General Options
Optimization Goal                  : Speed
Optimization Effort                : 1
Power Reduction                    : NO
Keep Hierarchy                     : No
Netlist Hierarchy                  : As_Optimized
RTL Output                         : Yes
Global Optimization                : AllClockNets
Read Cores                         : YES
Write Timing Constraints           : NO
Cross Clock Analysis               : NO
Hierarchy Separator                : /
Bus Delimiter                      : <>
Case Specifier                     : Maintain
Slice Utilization Ratio            : 100
BRAM Utilization Ratio             : 100
DSP48 Utilization Ratio            : 100
Auto BRAM Packing                  : NO
Slice Utilization Ratio Delta      : 5

=========================================================================


=========================================================================
*                          HDL Parsing                                  *
=========================================================================
Parsing VHDL file "/home/m1/dambrine/cours/m1s1/aeo/tp4/clk_div.vhd" into library work
Parsing entity <clk_div>.
Parsing architecture <Behavioral> of entity <clk_div>.

=========================================================================
*                            HDL Elaboration                            *
=========================================================================

Elaborating entity <clk_div> (architecture <Behavioral>) from library <work>.

=========================================================================
*                           HDL Synthesis                               *
=========================================================================

Synthesizing Unit <clk_div>.
    Related source file is "/home/m1/dambrine/cours/m1s1/aeo/tp4/clk_div.vhd".
    Found 1-bit register for signal <sortie>.
    Found 1-bit register for signal <clk_4hz>.
    Found 24-bit register for signal <cpt>.
    Found 24-bit adder for signal <cpt[23]_GND_4_o_add_0_OUT> created at line 1241.
    Summary:
	inferred   1 Adder/Subtractor(s).
	inferred  26 D-type flip-flop(s).
Unit <clk_div> synthesized.
RTL-Simplification CPUSTAT: 0.01 
RTL-BasicInf CPUSTAT: 0.06 
RTL-BasicOpt CPUSTAT: 0.00 
RTL-Remain-Bus CPUSTAT: 0.01 

=========================================================================
HDL Synthesis Report

Macro Statistics
# Adders/Subtractors                                   : 1
 24-bit adder                                          : 1
# Registers                                            : 3
 1-bit register                                        : 2
 24-bit register                                       : 1

=========================================================================

=========================================================================
*                       Advanced HDL Synthesis                          *
=========================================================================


Synthesizing (advanced) Unit <clk_div>.
The following registers are absorbed into counter <cpt>: 1 register on signal <cpt>.
Unit <clk_div> synthesized (advanced).

=========================================================================
Advanced HDL Synthesis Report

Macro Statistics
# Adders/Subtractors                                   : 1
 24-bit adder                                          : 1
# Counters                                             : 1
 24-bit up counter                                     : 1
# Registers                                            : 2
 Flip-Flops                                            : 2

=========================================================================

=========================================================================
*                         Low Level Synthesis                           *
=========================================================================

Optimizing unit <clk_div> ...

Mapping all equations...
Building and optimizing final netlist ...
Found area constraint ratio of 100 (+ 5) on block clk_div, actual ratio is 0.

Final Macro Processing ...

=========================================================================
Final Register Report

Macro Statistics
# Registers                                            : 26
 Flip-Flops                                            : 26

=========================================================================

=========================================================================
*                           Partition Report                            *
=========================================================================

Partition Implementation Status
-------------------------------

  No Partitions were found in this design.

-------------------------------

=========================================================================
*                            Design Summary                             *
=========================================================================

Top Level Output File Name         : clk_div.ngc

Primitive and Black Box Usage:
------------------------------
# BELS                             : 152
#      GND                         : 1
#      INV                         : 2
#      LUT1                        : 46
#      LUT4                        : 1
#      LUT5                        : 2
#      LUT6                        : 5
#      MUXCY                       : 46
#      VCC                         : 1
#      XORCY                       : 48
# FlipFlops/Latches                : 26
#      FD                          : 26
# Clock Buffers                    : 1
#      BUFGP                       : 1
# IO Buffers                       : 1
#      OBUF                        : 1

Device utilization summary:
---------------------------

Selected Device : 6slx16csg324-3 


Slice Logic Utilization: 
 Number of Slice Registers:              26  out of  18224     0%  
 Number of Slice LUTs:                   56  out of   9112     0%  
    Number used as Logic:                56  out of   9112     0%  

Slice Logic Distribution: 
 Number of LUT Flip Flop pairs used:     56
   Number with an unused Flip Flop:      30  out of     56    53%  
   Number with an unused LUT:             0  out of     56     0%  
   Number of fully used LUT-FF pairs:    26  out of     56    46%  
   Number of unique control sets:         1

IO Utilization: 
 Number of IOs:                           2
 Number of bonded IOBs:                   2  out of    232     0%  

Specific Feature Utilization:
 Number of BUFG/BUFGCTRLs:                1  out of     16     6%  

---------------------------
Partition Resource Summary:
---------------------------

  No Partitions were found in this design.

---------------------------


=========================================================================
Timing Report

NOTE: THESE TIMING NUMBERS ARE ONLY A SYNTHESIS ESTIMATE.
      FOR ACCURATE TIMING INFORMATION PLEASE REFER TO THE TRACE REPORT
      GENERATED AFTER PLACE-and-ROUTE.

Clock Information:
------------------
-----------------------------------+------------------------+-------+
Clock Signal                       | Clock buffer(FF name)  | Load  |
-----------------------------------+------------------------+-------+
clk                                | BUFGP                  | 26    |
-----------------------------------+------------------------+-------+

Asynchronous Control Signals Information:
----------------------------------------
No asynchronous control signals found in this design

Timing Summary:
---------------
Speed Grade: -3

   Minimum period: 4.072ns (Maximum Frequency: 245.558MHz)
   Minimum input arrival time before clock: No path found
   Maximum output required time after clock: 3.668ns
   Maximum combinational path delay: No path found

Timing Details:
---------------
All values displayed in nanoseconds (ns)

=========================================================================
Timing constraint: Default period analysis for Clock 'clk'
  Clock period: 4.072ns (frequency: 245.558MHz)
  Total number of paths / destination ports: 904 / 26
-------------------------------------------------------------------------
Delay:               4.072ns (Levels of Logic = 7)
  Source:            cpt_0 (FF)
  Destination:       clk_4hz (FF)
  Source Clock:      clk rising
  Destination Clock: clk rising

  Data Path: cpt_0 to clk_4hz
                                Gate     Net
    Cell:in->out      fanout   Delay   Delay  Logical Name (Net Name)
    ----------------------------------------  ------------
     FD:C->Q               2   0.447   0.616  cpt_0 (cpt_0)
     INV:I->O              1   0.206   0.000  Madd_cpt[23]_GND_4_o_add_0_OUT_lut<0>_INV_0 (Madd_cpt[23]_GND_4_o_add_0_OUT_lut<0>)
     MUXCY:S->O            1   0.172   0.000  Madd_cpt[23]_GND_4_o_add_0_OUT_cy<0> (Madd_cpt[23]_GND_4_o_add_0_OUT_cy<0>)
     MUXCY:CI->O           1   0.019   0.000  Madd_cpt[23]_GND_4_o_add_0_OUT_cy<1> (Madd_cpt[23]_GND_4_o_add_0_OUT_cy<1>)
     MUXCY:CI->O           1   0.019   0.000  Madd_cpt[23]_GND_4_o_add_0_OUT_cy<2> (Madd_cpt[23]_GND_4_o_add_0_OUT_cy<2>)
     XORCY:CI->O           1   0.180   0.944  Madd_cpt[23]_GND_4_o_add_0_OUT_xor<3> (cpt[23]_GND_4_o_add_0_OUT<3>)
     LUT6:I0->O            2   0.203   0.961  cpt[23]_PWR_4_o_equal_2_o<23>6 (cpt[23]_PWR_4_o_equal_2_o<23>5)
     LUT6:I1->O            1   0.203   0.000  clk_4hz_rstpot (clk_4hz_rstpot)
     FD:D                      0.102          clk_4hz
    ----------------------------------------
    Total                      4.072ns (1.551ns logic, 2.521ns route)
                                       (38.1% logic, 61.9% route)

=========================================================================
Timing constraint: Default OFFSET OUT AFTER for Clock 'clk'
  Total number of paths / destination ports: 1 / 1
-------------------------------------------------------------------------
Offset:              3.668ns (Levels of Logic = 1)
  Source:            clk_4hz (FF)
  Destination:       clk_4hz (PAD)
  Source Clock:      clk rising

  Data Path: clk_4hz to clk_4hz
                                Gate     Net
    Cell:in->out      fanout   Delay   Delay  Logical Name (Net Name)
    ----------------------------------------  ------------
     FD:C->Q               3   0.447   0.650  clk_4hz (clk_4hz_OBUF)
     OBUF:I->O                 2.571          clk_4hz_OBUF (clk_4hz)
    ----------------------------------------
    Total                      3.668ns (3.018ns logic, 0.650ns route)
                                       (82.3% logic, 17.7% route)

=========================================================================

Cross Clock Domains Report:
--------------------------

Clock to Setup on destination clock clk
---------------+---------+---------+---------+---------+
               | Src:Rise| Src:Fall| Src:Rise| Src:Fall|
Source Clock   |Dest:Rise|Dest:Rise|Dest:Fall|Dest:Fall|
---------------+---------+---------+---------+---------+
clk            |    4.072|         |         |         |
---------------+---------+---------+---------+---------+

=========================================================================


Total REAL time to Xst completion: 2.00 secs
Total CPU time to Xst completion: 2.11 secs
 
--> 


Total memory usage is 362904 kilobytes

Number of errors   :    0 (   0 filtered)
Number of warnings :    0 (   0 filtered)
Number of infos    :    0 (   0 filtered)

