Command line:
   td_ex2_isim_beh.exe
     -simmode  gui
     -simrunnum  0
     -socket  39159

Wed Oct  4 10:44:45 2017


 Elaboration Time: 0 sec

 Current Memory Usage: 157.778 Meg

 Total Signals          : 5
 Total Nets             : 35
 Total Signal Drivers   : 2
 Total Blocks           : 4
 Total Primitive Blocks : 4
 Total Processes        : 2
 Total Traceable Variables  : 10
 Total Scalar Nets and Variables : 413
Total Line Count : 5

 Total Simulation Time: 0.07 sec

 Current Memory Usage: 232.227 Meg

Wed Oct  4 10:45:47 2017

